[19:37:22] [Server console handler/ERROR]: Exception handling console input
java.io.IOException: The handle is invalid
	at java.io.FileInputStream.readBytes(Native Method) ~[?:1.8.0_92]
	at java.io.FileInputStream.read(Unknown Source) ~[?:1.8.0_92]
	at java.io.BufferedInputStream.read1(Unknown Source) ~[?:1.8.0_92]
	at java.io.BufferedInputStream.read(Unknown Source) ~[?:1.8.0_92]
	at sun.nio.cs.StreamDecoder.readBytes(Unknown Source) ~[?:1.8.0_92]
	at sun.nio.cs.StreamDecoder.implRead(Unknown Source) ~[?:1.8.0_92]
	at sun.nio.cs.StreamDecoder.read(Unknown Source) ~[?:1.8.0_92]
	at java.io.InputStreamReader.read(Unknown Source) ~[?:1.8.0_92]
	at java.io.BufferedReader.fill(Unknown Source) ~[?:1.8.0_92]
	at java.io.BufferedReader.readLine(Unknown Source) ~[?:1.8.0_92]
	at java.io.BufferedReader.readLine(Unknown Source) ~[?:1.8.0_92]
	at ld$2.run(SourceFile:95) [minecraft_server.1.10.2.jar:?]
[19:37:22] [Server thread/INFO]: Starting minecraft server version 1.10.2
[19:37:22] [Server thread/INFO]: Loading properties
[19:37:22] [Server thread/INFO]: Default game type: SURVIVAL
[19:37:22] [Server thread/INFO]: Generating keypair
[19:37:22] [Server thread/INFO]: Starting Minecraft server on *:25565
[19:37:22] [Server thread/INFO]: Using default channel type
[19:37:22] [Server thread/INFO]: Preparing level "world"
[19:37:22] [Server thread/INFO]: Preparing start region for level 0
[19:37:23] [Server thread/INFO]: Preparing spawn area: 47%
[19:37:23] [Server thread/INFO]: Done (1.462s)! For help, type "help" or "?"
[20:35:17] [User Authenticator #1/INFO]: UUID of player Forzzark is 870dbd91-4bf1-46f0-9cb3-5b278871a8f8
[20:35:17] [Server thread/INFO]: Forzzark[/70.45.208.247:52237] logged in with entity id 191 at (-1058.7683685783309, 80.0, -321.4955754821193)
[20:35:17] [Server thread/INFO]: Forzzark joined the game
[21:00:59] [Server thread/INFO]: Forzzark lost connection: TextComponent{text='Disconnected', siblings=[], style=Style{hasParent=false, color=null, bold=null, italic=null, underlined=null, obfuscated=null, clickEvent=null, hoverEvent=null, insertion=null}}
[21:00:59] [Server thread/INFO]: Forzzark left the game
[21:44:24] [User Authenticator #2/INFO]: UUID of player Forzzark is 870dbd91-4bf1-46f0-9cb3-5b278871a8f8
[21:44:24] [Server thread/INFO]: Forzzark[/70.45.208.247:52811] logged in with entity id 51876 at (-1057.452469757862, 80.0, -315.35100542218333)
[21:44:24] [Server thread/INFO]: Forzzark joined the game
[21:44:45] [Server thread/WARN]: Forzzark moved too quickly! 7.306967531179453,-2.6345941796417094,6.552973020358024
[21:52:27] [User Authenticator #3/INFO]: UUID of player BreakingLOCO15 is 193a8edf-6782-4869-b921-d8d295dd5c49
[21:52:27] [Server thread/INFO]: BreakingLOCO15[/24.41.205.105:51824] logged in with entity id 71033 at (-1054.2335603546408, 80.0, -312.7493564419438)
[21:52:27] [Server thread/INFO]: BreakingLOCO15 joined the game
[22:08:30] [Server thread/INFO]: BreakingLOCO15 has just earned the achievement [Sniper Duel]
[22:14:42] [Server thread/INFO]: <BreakingLOCO15> united we'll fail, divided we'll fall
[22:30:13] [Server thread/WARN]: Forzzark moved too quickly! 3.036652858807429,0.08307781780646906,9.556768572749661
[22:33:06] [Server thread/INFO]: BreakingLOCO15 lost connection: TextComponent{text='Disconnected', siblings=[], style=Style{hasParent=false, color=null, bold=null, italic=null, underlined=null, obfuscated=null, clickEvent=null, hoverEvent=null, insertion=null}}
[22:33:06] [Server thread/INFO]: BreakingLOCO15 left the game
[22:35:34] [Server thread/INFO]: Forzzark lost connection: TextComponent{text='Disconnected', siblings=[], style=Style{hasParent=false, color=null, bold=null, italic=null, underlined=null, obfuscated=null, clickEvent=null, hoverEvent=null, insertion=null}}
[22:35:34] [Server thread/INFO]: Forzzark left the game
